<!DOCTYPE html PUBLIC "-//W3C//DTD XHTML 1.1//EN" "http://www.w3.org/TR/xhtml11/DTD/xhtml11.dtd">
<html xmlns="http://www.w3.org/1999/xhtml"><head><title>TestNG Report</title><style type="text/css">table {margin-bottom:10px;border-collapse:collapse;empty-cells:show}th,td {border:1px solid #009;padding:.25em .5em}th {vertical-align:bottom}td {vertical-align:top}table a {font-weight:bold}.stripe td {background-color: #E6EBF9}.num {text-align:right}.passedodd td {background-color: #3F3}.passedeven td {background-color: #0A0}.skippedodd td {background-color: #DDD}.skippedeven td {background-color: #CCC}.failedodd td,.attn {background-color: #F33}.failedeven td,.stripe .attn {background-color: #D00}.stacktrace {white-space:pre;font-family:monospace}.totop {font-size:85%;text-align:center;border-bottom:2px solid #000}</style></head><body><table><tr><th>Test</th><th># Passed</th><th># Skipped</th><th># Failed</th><th>Time (ms)</th><th>Included Groups</th><th>Excluded Groups</th></tr><tr><th colspan="7">Demo Suite</th></tr><tr><td><a href="#t0">Demo test</a></td><td class="num">0</td><td class="num attn">1</td><td class="num attn">2</td><td class="num">38</td><td></td><td></td></tr></table><table><thead><tr><th>Class</th><th>Method</th><th>Start</th><th>Time (ms)</th></tr></thead><tbody><tr><th colspan="4">Demo Suite</th></tr></tbody><tbody id="t0"><tr><th colspan="4">Demo test &#8212; failed</th></tr><tr class="failedeven"><td rowspan="2">PackTwo.Jannu</td><td><a href="#m0">testCase2</a></td><td rowspan="1">1565525718875</td><td rowspan="1">9</td></tr><tr class="failedeven"><td><a href="#m1">testCase3</a></td><td rowspan="1">1565525718890</td><td rowspan="1">2</td></tr><tr><th colspan="4">Demo test &#8212; skipped</th></tr><tr class="skippedeven"><td rowspan="1">PackTwo.Jannu</td><td><a href="#m2">testCase1</a></td><td rowspan="1">1565525718869</td><td rowspan="1">4</td></tr></tbody></table><h2>Demo test</h2><h3 id="m0">PackTwo.Jannu#testCase2</h3><table class="result"><tr><th>Exception</th></tr><tr><td><div class="stacktrace">java.lang.AssertionError: The following asserts failed:
	expected [true] but found [false]
	at PackTwo.Jannu.testCase2(Jannu.java:82)
... Removed 25 stack frames</div></td></tr></table><p class="totop"><a href="#summary">back to summary</a></p><h3 id="m1">PackTwo.Jannu#testCase3</h3><table class="result"><tr class="param"><th>Parameter #1</th></tr><tr class="param stripe"><td>P3048</td></tr><tr><th>Exception</th></tr><tr><td><div class="stacktrace">java.lang.AssertionError:  ASSERT HAS FAILED MESSAGE expected [true] but found [false]
	at PackTwo.Jannu.testCase3(Jannu.java:88)
... Removed 27 stack frames</div></td></tr></table><p class="totop"><a href="#summary">back to summary</a></p><h3 id="m2">PackTwo.Jannu#testCase1</h3><table class="result"><tr><th>Exception</th></tr><tr><td><div class="stacktrace">org.testng.SkipException:  throw new SkipException
	at PackTwo.Jannu.testCase1(Jannu.java:72)
... Removed 24 stack frames</div></td></tr></table><p class="totop"><a href="#summary">back to summary</a></p></body></html>