<?xml version="1.0" encoding="UTF-8"?>
<!-- Generated by org.testng.reporters.JUnitXMLReporter -->
<testsuite hostname="Janardhans-MacBook-Pro.local" name="Demo test" tests="3" failures="2" timestamp="11 Aug 2019 12:15:19 GMT" time="0.038" errors="0">
  <testcase name="testCase1" time="0.004" classname="PackTwo.Jannu">
    <skipped/>
  </testcase> <!-- testCase1 -->
  <testcase name="testCase2" time="0.009" classname="PackTwo.Jannu">
    <failure type="java.lang.AssertionError" message="The following asserts failed:
	expected [true] but found [false]">
      <![CDATA[java.lang.AssertionError: The following asserts failed:
	expected [true] but found [false]
	at PackTwo.Jannu.testCase2(Jannu.java:82)
... Removed 25 stack frames]]>
    </failure>
  </testcase> <!-- testCase2 -->
  <testcase name="testCase3" time="0.002" classname="PackTwo.Jannu">
    <failure type="java.lang.AssertionError" message=" ASSERT HAS FAILED MESSAGE expected [true] but found [false]">
      <![CDATA[java.lang.AssertionError:  ASSERT HAS FAILED MESSAGE expected [true] but found [false]
	at PackTwo.Jannu.testCase3(Jannu.java:88)
... Removed 27 stack frames]]>
    </failure>
  </testcase> <!-- testCase3 -->
</testsuite> <!-- Demo test -->
